<?xml version="1.0" encoding="UTF-8"?>
<testng-results ignored="0" total="2" passed="2" failed="0" skipped="0">
  <reporter-output>
  </reporter-output>
  <suite started-at="2024-02-10T09:24:06 IST" name="Default suite" finished-at="2024-02-10T09:24:07 IST" duration-ms="1235">
    <groups>
    </groups>
    <test started-at="2024-02-10T09:24:06 IST" name="Default test" finished-at="2024-02-10T09:24:07 IST" duration-ms="1235">
      <class name="testclasses.LoginTest">
        <test-method is-config="true" signature="initBrowser()[pri:0, instance:testclasses.LoginTest@73e9cf30]" started-at="2024-02-10T09:23:57 IST" name="initBrowser" finished-at="2024-02-10T09:24:06 IST" duration-ms="8575" status="PASS">
          <reporter-output>
          </reporter-output>
        </test-method> <!-- initBrowser -->
        <test-method is-config="true" signature="createObject()[pri:0, instance:testclasses.LoginTest@73e9cf30]" started-at="2024-02-10T09:24:06 IST" name="createObject" finished-at="2024-02-10T09:24:06 IST" duration-ms="107" status="PASS">
          <reporter-output>
          </reporter-output>
        </test-method> <!-- createObject -->
        <test-method signature="validateTitle()[pri:3, instance:testclasses.LoginTest@73e9cf30]" started-at="2024-02-10T09:24:06 IST" name="validateTitle" finished-at="2024-02-10T09:24:06 IST" duration-ms="474" status="PASS">
          <reporter-output>
          </reporter-output>
        </test-method> <!-- validateTitle -->
        <test-method signature="loginToApp()[pri:4, instance:testclasses.LoginTest@73e9cf30]" started-at="2024-02-10T09:24:06 IST" name="loginToApp" finished-at="2024-02-10T09:24:07 IST" duration-ms="503" status="PASS">
          <reporter-output>
          </reporter-output>
        </test-method> <!-- loginToApp -->
        <test-method is-config="true" signature="tearDown()[pri:0, instance:testclasses.LoginTest@73e9cf30]" started-at="2024-02-10T09:24:07 IST" name="tearDown" finished-at="2024-02-10T09:24:07 IST" duration-ms="401" status="PASS">
          <reporter-output>
          </reporter-output>
        </test-method> <!-- tearDown -->
      </class> <!-- testclasses.LoginTest -->
    </test> <!-- Default test -->
  </suite> <!-- Default suite -->
</testng-results>
